Performing C SOURCE FILE Test CMAKE_HAVE_LIBC_PTHREAD failed with the following output:
Change Dir: /home/horizon/go-work/src/apriltag/cmake-build-release/CMakeFiles/CMakeTmp

Run Build Command(s):/usr/bin/make cmTC_cf65c/fast && /usr/bin/make  -f CMakeFiles/cmTC_cf65c.dir/build.make CMakeFiles/cmTC_cf65c.dir/build
make[1]: 进入目录“/home/horizon/go-work/src/apriltag/cmake-build-release/CMakeFiles/CMakeTmp”
Building C object CMakeFiles/cmTC_cf65c.dir/src.c.o
/usr/bin/cc   -fPIC -DCMAKE_HAVE_LIBC_PTHREAD   -o CMakeFiles/cmTC_cf65c.dir/src.c.o   -c /home/horizon/go-work/src/apriltag/cmake-build-release/CMakeFiles/CMakeTmp/src.c
Linking C executable cmTC_cf65c
/home/horizon/Desktop/clion-2020.2.4/bin/cmake/linux/bin/cmake -E cmake_link_script CMakeFiles/cmTC_cf65c.dir/link.txt --verbose=1
/usr/bin/cc -fPIC -DCMAKE_HAVE_LIBC_PTHREAD    -rdynamic CMakeFiles/cmTC_cf65c.dir/src.c.o  -o cmTC_cf65c 
/usr/bin/ld: CMakeFiles/cmTC_cf65c.dir/src.c.o: in function `main':
src.c:(.text+0x3e): undefined reference to `pthread_create'
/usr/bin/ld: src.c:(.text+0x4a): undefined reference to `pthread_detach'
/usr/bin/ld: src.c:(.text+0x56): undefined reference to `pthread_cancel'
/usr/bin/ld: src.c:(.text+0x67): undefined reference to `pthread_join'
collect2: error: ld returned 1 exit status
make[1]: *** [CMakeFiles/cmTC_cf65c.dir/build.make:107：cmTC_cf65c] 错误 1
make[1]: 离开目录“/home/horizon/go-work/src/apriltag/cmake-build-release/CMakeFiles/CMakeTmp”
make: *** [Makefile:141：cmTC_cf65c/fast] 错误 2


Source file was:
#include <pthread.h>

void* test_func(void* data)
{
  return data;
}

int main(void)
{
  pthread_t thread;
  pthread_create(&thread, NULL, test_func, NULL);
  pthread_detach(thread);
  pthread_cancel(thread);
  pthread_join(thread, NULL);
  pthread_atfork(NULL, NULL, NULL);
  pthread_exit(NULL);

  return 0;
}

Determining if the function pthread_create exists in the pthreads failed with the following output:
Change Dir: /home/horizon/go-work/src/apriltag/cmake-build-release/CMakeFiles/CMakeTmp

Run Build Command(s):/usr/bin/make cmTC_095b9/fast && /usr/bin/make  -f CMakeFiles/cmTC_095b9.dir/build.make CMakeFiles/cmTC_095b9.dir/build
make[1]: 进入目录“/home/horizon/go-work/src/apriltag/cmake-build-release/CMakeFiles/CMakeTmp”
Building C object CMakeFiles/cmTC_095b9.dir/CheckFunctionExists.c.o
/usr/bin/cc   -fPIC -DCHECK_FUNCTION_EXISTS=pthread_create   -o CMakeFiles/cmTC_095b9.dir/CheckFunctionExists.c.o   -c /home/horizon/Desktop/clion-2020.2.4/bin/cmake/linux/share/cmake-3.17/Modules/CheckFunctionExists.c
Linking C executable cmTC_095b9
/home/horizon/Desktop/clion-2020.2.4/bin/cmake/linux/bin/cmake -E cmake_link_script CMakeFiles/cmTC_095b9.dir/link.txt --verbose=1
/usr/bin/cc -fPIC -DCHECK_FUNCTION_EXISTS=pthread_create    -rdynamic CMakeFiles/cmTC_095b9.dir/CheckFunctionExists.c.o  -o cmTC_095b9  -lpthreads 
/usr/bin/ld: 找不到 -lpthreads
collect2: error: ld returned 1 exit status
make[1]: *** [CMakeFiles/cmTC_095b9.dir/build.make:107：cmTC_095b9] 错误 1
make[1]: 离开目录“/home/horizon/go-work/src/apriltag/cmake-build-release/CMakeFiles/CMakeTmp”
make: *** [Makefile:141：cmTC_095b9/fast] 错误 2



